<?xml version="1.0" encoding="UTF-8"?>
<coverage generated="1590145979233" clover="3.2.0">
  <project timestamp="1590145979233" name="All files">
    <metrics statements="76" coveredstatements="66" conditionals="12" coveredconditionals="11" methods="11" coveredmethods="9" elements="99" coveredelements="86" complexity="0" loc="76" ncloc="76" packages="1" files="2" classes="2"/>
    <file name="algorithm_timer.js" path="/Users/student/Documents/projects/algorithm_timer/src/algorithm_timer.js">
      <metrics statements="29" coveredstatements="26" conditionals="4" coveredconditionals="3" methods="6" coveredmethods="5"/>
      <line num="2" count="1" type="stmt"/>
      <line num="12" count="1" type="stmt"/>
      <line num="14" count="1" type="stmt"/>
      <line num="16" count="1" type="stmt"/>
      <line num="18" count="1" type="stmt"/>
      <line num="19" count="20" type="stmt"/>
      <line num="22" count="1" type="stmt"/>
      <line num="28" count="20" type="cond" truecount="1" falsecount="1"/>
      <line num="29" count="0" type="stmt"/>
      <line num="31" count="20" type="stmt"/>
      <line num="32" count="400" type="stmt"/>
      <line num="33" count="400" type="stmt"/>
      <line num="34" count="400" type="stmt"/>
      <line num="35" count="400" type="stmt"/>
      <line num="36" count="400" type="stmt"/>
      <line num="37" count="400" type="cond" truecount="2" falsecount="0"/>
      <line num="38" count="20" type="stmt"/>
      <line num="40" count="380" type="stmt"/>
      <line num="47" count="400" type="stmt"/>
      <line num="48" count="400" type="stmt"/>
      <line num="49" count="400" type="stmt"/>
      <line num="50" count="2000000" type="stmt"/>
      <line num="52" count="400" type="stmt"/>
      <line num="57" count="0" type="stmt"/>
      <line num="58" count="0" type="stmt"/>
      <line num="63" count="1" type="stmt"/>
      <line num="64" count="20" type="stmt"/>
      <line num="66" count="1" type="stmt"/>
      <line num="70" count="1" type="stmt"/>
    </file>
    <file name="customAlgorithms.js" path="/Users/student/Documents/projects/algorithm_timer/src/customAlgorithms.js">
      <metrics statements="47" coveredstatements="40" conditionals="8" coveredconditionals="8" methods="5" coveredmethods="4"/>
      <line num="5" count="2" type="stmt"/>
      <line num="7" count="2" type="cond" truecount="2" falsecount="0"/>
      <line num="8" count="1" type="stmt"/>
      <line num="9" count="2" type="stmt"/>
      <line num="10" count="2" type="stmt"/>
      <line num="11" count="2" type="stmt"/>
      <line num="12" count="2" type="stmt"/>
      <line num="13" count="2" type="stmt"/>
      <line num="16" count="1" type="stmt"/>
      <line num="17" count="2" type="stmt"/>
      <line num="18" count="2" type="stmt"/>
      <line num="19" count="2" type="stmt"/>
      <line num="20" count="2" type="stmt"/>
      <line num="21" count="2" type="stmt"/>
      <line num="24" count="2" type="stmt"/>
      <line num="29" count="1" type="stmt"/>
      <line num="30" count="1" type="stmt"/>
      <line num="31" count="4" type="stmt"/>
      <line num="32" count="4" type="stmt"/>
      <line num="33" count="4" type="stmt"/>
      <line num="35" count="1" type="stmt"/>
      <line num="40" count="0" type="stmt"/>
      <line num="41" count="0" type="stmt"/>
      <line num="42" count="0" type="stmt"/>
      <line num="43" count="0" type="stmt"/>
      <line num="44" count="0" type="stmt"/>
      <line num="45" count="0" type="stmt"/>
      <line num="47" count="0" type="stmt"/>
      <line num="52" count="1" type="stmt"/>
      <line num="53" count="1" type="stmt"/>
      <line num="54" count="3" type="stmt"/>
      <line num="55" count="3" type="cond" truecount="2" falsecount="0"/>
      <line num="56" count="2" type="stmt"/>
      <line num="59" count="1" type="stmt"/>
      <line num="64" count="1" type="stmt"/>
      <line num="65" count="1" type="stmt"/>
      <line num="66" count="1" type="stmt"/>
      <line num="67" count="7" type="stmt"/>
      <line num="68" count="7" type="cond" truecount="4" falsecount="0"/>
      <line num="69" count="2" type="stmt"/>
      <line num="71" count="5" type="stmt"/>
      <line num="74" count="1" type="stmt"/>
      <line num="77" count="4" type="stmt"/>
      <line num="78" count="4" type="stmt"/>
      <line num="79" count="4" type="stmt"/>
      <line num="80" count="4" type="stmt"/>
      <line num="81" count="4" type="stmt"/>
    </file>
  </project>
</coverage>
