{"/Users/student/Documents/projects/algorithm_timer/src/algorithm_timer.js": {"path":"/Users/student/Documents/projects/algorithm_timer/src/algorithm_timer.js","statementMap":{"0":{"start":{"line":2,"column":20},"end":{"line":2,"column":53}},"1":{"start":{"line":12,"column":16},"end":{"line":12,"column":18}},"2":{"start":{"line":14,"column":18},"end":{"line":14,"column":20}},"3":{"start":{"line":16,"column":20},"end":{"line":16,"column":22}},"4":{"start":{"line":18,"column":4},"end":{"line":20,"column":5}},"5":{"start":{"line":18,"column":16},"end":{"line":18,"column":17}},"6":{"start":{"line":19,"column":6},"end":{"line":19,"column":23}},"7":{"start":{"line":22,"column":4},"end":{"line":22,"column":37}},"8":{"start":{"line":28,"column":6},"end":{"line":30,"column":7}},"9":{"start":{"line":29,"column":8},"end":{"line":29,"column":26}},"10":{"start":{"line":31,"column":6},"end":{"line":42,"column":7}},"11":{"start":{"line":31,"column":18},"end":{"line":31,"column":19}},"12":{"start":{"line":32,"column":8},"end":{"line":32,"column":36}},"13":{"start":{"line":33,"column":24},"end":{"line":33,"column":41}},"14":{"start":{"line":34,"column":8},"end":{"line":34,"column":27}},"15":{"start":{"line":35,"column":22},"end":{"line":35,"column":39}},"16":{"start":{"line":36,"column":19},"end":{"line":36,"column":56}},"17":{"start":{"line":37,"column":8},"end":{"line":41,"column":9}},"18":{"start":{"line":38,"column":10},"end":{"line":38,"column":29}},"19":{"start":{"line":40,"column":8},"end":{"line":40,"column":32}},"20":{"start":{"line":47,"column":16},"end":{"line":47,"column":28}},"21":{"start":{"line":48,"column":17},"end":{"line":48,"column":27}},"22":{"start":{"line":49,"column":8},"end":{"line":51,"column":9}},"23":{"start":{"line":49,"column":21},"end":{"line":49,"column":24}},"24":{"start":{"line":50,"column":10},"end":{"line":50,"column":24}},"25":{"start":{"line":52,"column":6},"end":{"line":52,"column":19}},"26":{"start":{"line":57,"column":6},"end":{"line":57,"column":17}},"27":{"start":{"line":58,"column":6},"end":{"line":58,"column":19}},"28":{"start":{"line":63,"column":6},"end":{"line":65,"column":7}},"29":{"start":{"line":63,"column":18},"end":{"line":63,"column":19}},"30":{"start":{"line":64,"column":8},"end":{"line":64,"column":48}},"31":{"start":{"line":66,"column":6},"end":{"line":66,"column":21}},"32":{"start":{"line":70,"column":0},"end":{"line":70,"column":31}}},"fnMap":{"0":{"name":"(anonymous_0)","decl":{"start":{"line":6,"column":2},"end":{"line":6,"column":3}},"loc":{"start":{"line":6,"column":16},"end":{"line":7,"column":3}},"line":6},"1":{"name":"(anonymous_1)","decl":{"start":{"line":10,"column":2},"end":{"line":10,"column":3}},"loc":{"start":{"line":10,"column":23},"end":{"line":68,"column":3}},"line":10},"2":{"name":"timer","decl":{"start":{"line":26,"column":13},"end":{"line":26,"column":18}},"loc":{"start":{"line":26,"column":29},"end":{"line":43,"column":5}},"line":26},"3":{"name":"returnIncreasedArray","decl":{"start":{"line":46,"column":13},"end":{"line":46,"column":33}},"loc":{"start":{"line":46,"column":40},"end":{"line":53,"column":5}},"line":46},"4":{"name":"resetArray","decl":{"start":{"line":56,"column":13},"end":{"line":56,"column":23}},"loc":{"start":{"line":56,"column":30},"end":{"line":59,"column":5}},"line":56},"5":{"name":"calculateAverage","decl":{"start":{"line":62,"column":13},"end":{"line":62,"column":29}},"loc":{"start":{"line":62,"column":38},"end":{"line":67,"column":5}},"line":62}},"branchMap":{"0":{"loc":{"start":{"line":28,"column":6},"end":{"line":30,"column":7}},"type":"if","locations":[{"start":{"line":28,"column":6},"end":{"line":30,"column":7}},{"start":{"line":28,"column":6},"end":{"line":30,"column":7}}],"line":28},"1":{"loc":{"start":{"line":37,"column":8},"end":{"line":41,"column":9}},"type":"if","locations":[{"start":{"line":37,"column":8},"end":{"line":41,"column":9}},{"start":{"line":37,"column":8},"end":{"line":41,"column":9}}],"line":37}},"s":{"0":1,"1":1,"2":1,"3":1,"4":1,"5":1,"6":20,"7":1,"8":20,"9":0,"10":20,"11":20,"12":400,"13":400,"14":400,"15":400,"16":400,"17":400,"18":20,"19":380,"20":400,"21":400,"22":400,"23":400,"24":2000000,"25":400,"26":0,"27":0,"28":1,"29":1,"30":20,"31":1,"32":1},"f":{"0":1,"1":1,"2":20,"3":400,"4":0,"5":1},"b":{"0":[0,20],"1":[20,380]},"_coverageSchema":"1a1c01bbd47fc00a2c39e90264f33305004495a9","hash":"449b6ca265dc4a0c60ee37b345980da00fb178ac"}
,"/Users/student/Documents/projects/algorithm_timer/src/customAlgorithms.js": {"path":"/Users/student/Documents/projects/algorithm_timer/src/customAlgorithms.js","statementMap":{"0":{"start":{"line":5,"column":17},"end":{"line":5,"column":29}},"1":{"start":{"line":7,"column":2},"end":{"line":23,"column":3}},"2":{"start":{"line":8,"column":4},"end":{"line":14,"column":5}},"3":{"start":{"line":8,"column":16},"end":{"line":8,"column":17}},"4":{"start":{"line":9,"column":18},"end":{"line":9,"column":34}},"5":{"start":{"line":10,"column":23},"end":{"line":10,"column":31}},"6":{"start":{"line":11,"column":20},"end":{"line":11,"column":32}},"7":{"start":{"line":12,"column":6},"end":{"line":12,"column":25}},"8":{"start":{"line":13,"column":6},"end":{"line":13,"column":32}},"9":{"start":{"line":16,"column":6},"end":{"line":22,"column":5}},"10":{"start":{"line":16,"column":18},"end":{"line":16,"column":19}},"11":{"start":{"line":17,"column":18},"end":{"line":17,"column":34}},"12":{"start":{"line":18,"column":23},"end":{"line":18,"column":31}},"13":{"start":{"line":19,"column":20},"end":{"line":19,"column":32}},"14":{"start":{"line":20,"column":6},"end":{"line":20,"column":25}},"15":{"start":{"line":21,"column":6},"end":{"line":21,"column":32}},"16":{"start":{"line":24,"column":2},"end":{"line":24,"column":15}},"17":{"start":{"line":29,"column":17},"end":{"line":29,"column":19}},"18":{"start":{"line":30,"column":2},"end":{"line":34,"column":3}},"19":{"start":{"line":31,"column":22},"end":{"line":31,"column":62}},"20":{"start":{"line":32,"column":4},"end":{"line":32,"column":38}},"21":{"start":{"line":33,"column":20},"end":{"line":33,"column":48}},"22":{"start":{"line":35,"column":2},"end":{"line":35,"column":18}},"23":{"start":{"line":40,"column":17},"end":{"line":40,"column":19}},"24":{"start":{"line":41,"column":2},"end":{"line":46,"column":3}},"25":{"start":{"line":42,"column":22},"end":{"line":42,"column":62}},"26":{"start":{"line":43,"column":4},"end":{"line":43,"column":38}},"27":{"start":{"line":44,"column":4},"end":{"line":44,"column":35}},"28":{"start":{"line":45,"column":4},"end":{"line":45,"column":16}},"29":{"start":{"line":47,"column":2},"end":{"line":47,"column":18}},"30":{"start":{"line":52,"column":16},"end":{"line":52,"column":18}},"31":{"start":{"line":53,"column":2},"end":{"line":58,"column":3}},"32":{"start":{"line":53,"column":14},"end":{"line":53,"column":15}},"33":{"start":{"line":54,"column":16},"end":{"line":54,"column":29}},"34":{"start":{"line":55,"column":4},"end":{"line":57,"column":5}},"35":{"start":{"line":56,"column":4},"end":{"line":56,"column":24}},"36":{"start":{"line":59,"column":2},"end":{"line":59,"column":17}},"37":{"start":{"line":64,"column":13},"end":{"line":64,"column":15}},"38":{"start":{"line":65,"column":16},"end":{"line":65,"column":18}},"39":{"start":{"line":66,"column":2},"end":{"line":73,"column":3}},"40":{"start":{"line":66,"column":14},"end":{"line":66,"column":15}},"41":{"start":{"line":67,"column":16},"end":{"line":67,"column":24}},"42":{"start":{"line":68,"column":4},"end":{"line":72,"column":5}},"43":{"start":{"line":69,"column":6},"end":{"line":69,"column":26}},"44":{"start":{"line":71,"column":6},"end":{"line":71,"column":25}},"45":{"start":{"line":74,"column":2},"end":{"line":74,"column":17}},"46":{"start":{"line":77,"column":0},"end":{"line":77,"column":61}},"47":{"start":{"line":78,"column":0},"end":{"line":78,"column":57}},"48":{"start":{"line":79,"column":0},"end":{"line":79,"column":45}},"49":{"start":{"line":80,"column":0},"end":{"line":80,"column":51}},"50":{"start":{"line":81,"column":0},"end":{"line":81,"column":63}}},"fnMap":{"0":{"name":"customReverse","decl":{"start":{"line":4,"column":9},"end":{"line":4,"column":22}},"loc":{"start":{"line":4,"column":29},"end":{"line":25,"column":1}},"line":4},"1":{"name":"customShuffle","decl":{"start":{"line":28,"column":9},"end":{"line":28,"column":22}},"loc":{"start":{"line":28,"column":29},"end":{"line":36,"column":1}},"line":28},"2":{"name":"customShuffleLinear","decl":{"start":{"line":39,"column":9},"end":{"line":39,"column":28}},"loc":{"start":{"line":39,"column":36},"end":{"line":48,"column":1}},"line":39},"3":{"name":"customDuplicates","decl":{"start":{"line":51,"column":9},"end":{"line":51,"column":25}},"loc":{"start":{"line":51,"column":32},"end":{"line":60,"column":1}},"line":51},"4":{"name":"customDuplicatesLinear","decl":{"start":{"line":63,"column":9},"end":{"line":63,"column":31}},"loc":{"start":{"line":63,"column":38},"end":{"line":75,"column":1}},"line":63}},"branchMap":{"0":{"loc":{"start":{"line":7,"column":2},"end":{"line":23,"column":3}},"type":"if","locations":[{"start":{"line":7,"column":2},"end":{"line":23,"column":3}},{"start":{"line":7,"column":2},"end":{"line":23,"column":3}}],"line":7},"1":{"loc":{"start":{"line":55,"column":4},"end":{"line":57,"column":5}},"type":"if","locations":[{"start":{"line":55,"column":4},"end":{"line":57,"column":5}},{"start":{"line":55,"column":4},"end":{"line":57,"column":5}}],"line":55},"2":{"loc":{"start":{"line":68,"column":4},"end":{"line":72,"column":5}},"type":"if","locations":[{"start":{"line":68,"column":4},"end":{"line":72,"column":5}},{"start":{"line":68,"column":4},"end":{"line":72,"column":5}}],"line":68},"3":{"loc":{"start":{"line":68,"column":7},"end":{"line":68,"column":60}},"type":"binary-expr","locations":[{"start":{"line":68,"column":7},"end":{"line":68,"column":32}},{"start":{"line":68,"column":36},"end":{"line":68,"column":60}}],"line":68}},"s":{"0":2,"1":2,"2":1,"3":1,"4":2,"5":2,"6":2,"7":2,"8":2,"9":1,"10":1,"11":2,"12":2,"13":2,"14":2,"15":2,"16":2,"17":1,"18":1,"19":4,"20":4,"21":4,"22":1,"23":0,"24":0,"25":0,"26":0,"27":0,"28":0,"29":0,"30":1,"31":1,"32":1,"33":3,"34":3,"35":2,"36":1,"37":1,"38":1,"39":1,"40":1,"41":7,"42":7,"43":2,"44":5,"45":1,"46":4,"47":4,"48":4,"49":4,"50":4},"f":{"0":2,"1":1,"2":0,"3":1,"4":1},"b":{"0":[1,1],"1":[2,1],"2":[2,5],"3":[7,3]},"_coverageSchema":"1a1c01bbd47fc00a2c39e90264f33305004495a9","hash":"e0c7b71f024e7caea5400fa0584e71934c1c19d6"}
}
