TN:
SF:src/algorithm_timer.js
FN:6,(anonymous_0)
FN:10,(anonymous_1)
FN:26,timer
FN:46,returnIncreasedArray
FN:56,resetArray
FN:62,calculateAverage
FNF:6
FNH:5
FNDA:1,(anonymous_0)
FNDA:1,(anonymous_1)
FNDA:20,timer
FNDA:400,returnIncreasedArray
FNDA:0,resetArray
FNDA:1,calculateAverage
DA:2,1
DA:12,1
DA:14,1
DA:16,1
DA:18,1
DA:19,20
DA:22,1
DA:28,20
DA:29,0
DA:31,20
DA:32,400
DA:33,400
DA:34,400
DA:35,400
DA:36,400
DA:37,400
DA:38,20
DA:40,380
DA:47,400
DA:48,400
DA:49,400
DA:50,2000000
DA:52,400
DA:57,0
DA:58,0
DA:63,1
DA:64,20
DA:66,1
DA:70,1
LF:29
LH:26
BRDA:28,0,0,0
BRDA:28,0,1,20
BRDA:37,1,0,20
BRDA:37,1,1,380
BRF:4
BRH:3
end_of_record
TN:
SF:src/customAlgorithms.js
FN:4,customReverse
FN:28,customShuffle
FN:39,customShuffleLinear
FN:51,customDuplicates
FN:63,customDuplicatesLinear
FNF:5
FNH:4
FNDA:2,customReverse
FNDA:1,customShuffle
FNDA:0,customShuffleLinear
FNDA:1,customDuplicates
FNDA:1,customDuplicatesLinear
DA:5,2
DA:7,2
DA:8,1
DA:9,2
DA:10,2
DA:11,2
DA:12,2
DA:13,2
DA:16,1
DA:17,2
DA:18,2
DA:19,2
DA:20,2
DA:21,2
DA:24,2
DA:29,1
DA:30,1
DA:31,4
DA:32,4
DA:33,4
DA:35,1
DA:40,0
DA:41,0
DA:42,0
DA:43,0
DA:44,0
DA:45,0
DA:47,0
DA:52,1
DA:53,1
DA:54,3
DA:55,3
DA:56,2
DA:59,1
DA:64,1
DA:65,1
DA:66,1
DA:67,7
DA:68,7
DA:69,2
DA:71,5
DA:74,1
DA:77,4
DA:78,4
DA:79,4
DA:80,4
DA:81,4
LF:47
LH:40
BRDA:7,0,0,1
BRDA:7,0,1,1
BRDA:55,1,0,2
BRDA:55,1,1,1
BRDA:68,2,0,2
BRDA:68,2,1,5
BRDA:68,3,0,7
BRDA:68,3,1,3
BRF:8
BRH:8
end_of_record
